1692753067390	geckodriver	INFO	Listening on 127.0.0.1:50069
1692753070387	mozrunner::runner	INFO	Running command: "C:\\Program Files\\Mozilla Firefox\\firefox.exe" "--marionette" "--headless" "--proxy-server=localhost:8082 ... 70" "--remote-allow-hosts" "localhost" "-no-remote" "-profile" "C:\\Users\\matt\\AppData\\Local\\Temp\\rust_mozprofilerDFUc2"
*** You are running in headless mode.
console.warn: services.settings: Ignoring preference override of remote settings server
console.warn: services.settings: Allow by setting MOZ_REMOTE_SETTINGS_DEVTOOLS=1 in the environment
1692753071096	Marionette	INFO	Marionette enabled
Dynamically enable window occlusion 0
console.error: "Warning: unrecognized command line flag" "-proxy-server"
1692753071235	Marionette	INFO	Listening on port 50082
WebDriver BiDi listening on ws://127.0.0.1:50070
Read port: 50082
1692753071649	RemoteAgent	WARN	TLS certificate errors will be ignored for this session
[GFX1-]: RenderCompositorSWGL failed mapping default framebuffer, no dt
console.error: ({})
DevTools listening on ws://127.0.0.1:50070/devtools/browser/c75a15c7-533b-4aa5-8f30-c1f78ddbe28b
JavaScript warning: https://static.cdninstagram.com/rsrc.php/v3ieCg4/yH/l/en_US/Oa_68FbxEku.js?_nc_x=Ij3Wp8lg5Kz, line 124: WEBGL_debug_renderer_info is deprecated in Firefox and will be removed. Please use RENDERER.
1692753149515	geckodriver	INFO	Listening on 127.0.0.1:50215
1692753152576	mozrunner::runner	INFO	Running command: "C:\\Program Files\\Mozilla Firefox\\firefox.exe" "--marionette" "--headless" "--proxy-server=localhost:8083 ... 16" "--remote-allow-hosts" "localhost" "-no-remote" "-profile" "C:\\Users\\matt\\AppData\\Local\\Temp\\rust_mozprofileT1ESJS"
*** You are running in headless mode.
console.warn: services.settings: Ignoring preference override of remote settings server
console.warn: services.settings: Allow by setting MOZ_REMOTE_SETTINGS_DEVTOOLS=1 in the environment
1692753153218	Marionette	INFO	Marionette enabled
Dynamically enable window occlusion 0
console.error: "Warning: unrecognized command line flag" "-proxy-server"
1692753153408	Marionette	INFO	Listening on port 50226
WebDriver BiDi listening on ws://127.0.0.1:50216
Read port: 50226
1692753153769	RemoteAgent	WARN	TLS certificate errors will be ignored for this session
[GFX1-]: RenderCompositorSWGL failed mapping default framebuffer, no dt
console.error: ({})
DevTools listening on ws://127.0.0.1:50216/devtools/browser/ff9ec2b2-0927-401e-a07c-70ca38338e20
JavaScript warning: https://static.cdninstagram.com/rsrc.php/v3ieCg4/yH/l/en_US/Oa_68FbxEku.js?_nc_x=Ij3Wp8lg5Kz, line 124: WEBGL_debug_renderer_info is deprecated in Firefox and will be removed. Please use RENDERER.
1692753205974	geckodriver	INFO	Listening on 127.0.0.1:50352
1692753209010	mozrunner::runner	INFO	Running command: "C:\\Program Files\\Mozilla Firefox\\firefox.exe" "--marionette" "--headless" "--proxy-server=localhost:8084 ... 53" "--remote-allow-hosts" "localhost" "-no-remote" "-profile" "C:\\Users\\matt\\AppData\\Local\\Temp\\rust_mozprofileL0irWD"
*** You are running in headless mode.
console.warn: services.settings: Ignoring preference override of remote settings server
console.warn: services.settings: Allow by setting MOZ_REMOTE_SETTINGS_DEVTOOLS=1 in the environment
1692753209663	Marionette	INFO	Marionette enabled
Dynamically enable window occlusion 0
console.error: "Warning: unrecognized command line flag" "-proxy-server"
1692753209805	Marionette	INFO	Listening on port 50364
WebDriver BiDi listening on ws://127.0.0.1:50353
Read port: 50364
1692753210300	RemoteAgent	WARN	TLS certificate errors will be ignored for this session
[GFX1-]: RenderCompositorSWGL failed mapping default framebuffer, no dt
console.error: ({})
DevTools listening on ws://127.0.0.1:50353/devtools/browser/e2beedf8-a6cd-4137-b0c1-6517653703f2
JavaScript warning: https://static.cdninstagram.com/rsrc.php/v3ieCg4/yH/l/en_US/Oa_68FbxEku.js?_nc_x=Ij3Wp8lg5Kz, line 124: WEBGL_debug_renderer_info is deprecated in Firefox and will be removed. Please use RENDERER.
1692753228436	geckodriver	INFO	Listening on 127.0.0.1:50460
1692753231466	mozrunner::runner	INFO	Running command: "C:\\Program Files\\Mozilla Firefox\\firefox.exe" "--marionette" "--headless" "--proxy-server=localhost:8085 ... 61" "--remote-allow-hosts" "localhost" "-no-remote" "-profile" "C:\\Users\\matt\\AppData\\Local\\Temp\\rust_mozprofileGjNSnx"
*** You are running in headless mode.
console.warn: services.settings: Ignoring preference override of remote settings server
console.warn: services.settings: Allow by setting MOZ_REMOTE_SETTINGS_DEVTOOLS=1 in the environment
1692753232113	Marionette	INFO	Marionette enabled
Dynamically enable window occlusion 0
console.error: "Warning: unrecognized command line flag" "-proxy-server"
1692753232258	Marionette	INFO	Listening on port 50471
WebDriver BiDi listening on ws://127.0.0.1:50461
Read port: 50471
1692753232754	RemoteAgent	WARN	TLS certificate errors will be ignored for this session
[GFX1-]: RenderCompositorSWGL failed mapping default framebuffer, no dt
console.error: ({})
DevTools listening on ws://127.0.0.1:50461/devtools/browser/ce2d0fca-aff5-4a08-ba82-ab6b8fa2cd18
JavaScript warning: https://static.cdninstagram.com/rsrc.php/v3ieCg4/yH/l/en_US/Oa_68FbxEku.js?_nc_x=Ij3Wp8lg5Kz, line 124: WEBGL_debug_renderer_info is deprecated in Firefox and will be removed. Please use RENDERER.
1692753456590	geckodriver	INFO	Listening on 127.0.0.1:50643
1692753459598	mozrunner::runner	INFO	Running command: "C:\\Program Files\\Mozilla Firefox\\firefox.exe" "--marionette" "--headless" "--proxy-server=localhost:8086 ... 44" "--remote-allow-hosts" "localhost" "-no-remote" "-profile" "C:\\Users\\matt\\AppData\\Local\\Temp\\rust_mozprofileyjcdS0"
*** You are running in headless mode.
console.warn: services.settings: Ignoring preference override of remote settings server
console.warn: services.settings: Allow by setting MOZ_REMOTE_SETTINGS_DEVTOOLS=1 in the environment
1692753460318	Marionette	INFO	Marionette enabled
Dynamically enable window occlusion 0
console.error: "Warning: unrecognized command line flag" "-proxy-server"
1692753460529	Marionette	INFO	Listening on port 50656
WebDriver BiDi listening on ws://127.0.0.1:50644
Read port: 50656
1692753460982	RemoteAgent	WARN	TLS certificate errors will be ignored for this session
[GFX1-]: RenderCompositorSWGL failed mapping default framebuffer, no dt
console.error: ({})
DevTools listening on ws://127.0.0.1:50644/devtools/browser/8b5bb3de-7ea5-429d-852a-066ae0d7aa65
1692753578875	geckodriver	INFO	Listening on 127.0.0.1:50774
1692753581880	mozrunner::runner	INFO	Running command: "C:\\Program Files\\Mozilla Firefox\\firefox.exe" "--marionette" "--headless" "--proxy-server=localhost:8087 ... 75" "--remote-allow-hosts" "localhost" "-no-remote" "-profile" "C:\\Users\\matt\\AppData\\Local\\Temp\\rust_mozprofile9eWKAx"
*** You are running in headless mode.
console.warn: services.settings: Ignoring preference override of remote settings server
console.warn: services.settings: Allow by setting MOZ_REMOTE_SETTINGS_DEVTOOLS=1 in the environment
1692753582700	Marionette	INFO	Marionette enabled
Dynamically enable window occlusion 0
console.error: "Warning: unrecognized command line flag" "-proxy-server"
1692753582855	Marionette	INFO	Listening on port 50787
WebDriver BiDi listening on ws://127.0.0.1:50775
Read port: 50787
1692753583200	RemoteAgent	WARN	TLS certificate errors will be ignored for this session
[GFX1-]: RenderCompositorSWGL failed mapping default framebuffer, no dt
console.error: ({})
DevTools listening on ws://127.0.0.1:50775/devtools/browser/4a46bd2d-410a-4955-bd7f-939c56992f85
1692753673003	geckodriver	INFO	Listening on 127.0.0.1:50906
1692753676031	mozrunner::runner	INFO	Running command: "C:\\Program Files\\Mozilla Firefox\\firefox.exe" "--marionette" "--headless" "--proxy-server=localhost:8088 ... 07" "--remote-allow-hosts" "localhost" "-no-remote" "-profile" "C:\\Users\\matt\\AppData\\Local\\Temp\\rust_mozprofileAd8d4Y"
*** You are running in headless mode.
console.warn: services.settings: Ignoring preference override of remote settings server
console.warn: services.settings: Allow by setting MOZ_REMOTE_SETTINGS_DEVTOOLS=1 in the environment
1692753676713	Marionette	INFO	Marionette enabled
Dynamically enable window occlusion 0
console.error: "Warning: unrecognized command line flag" "-proxy-server"
1692753676856	Marionette	INFO	Listening on port 50918
WebDriver BiDi listening on ws://127.0.0.1:50907
Read port: 50918
1692753677193	RemoteAgent	WARN	TLS certificate errors will be ignored for this session
[GFX1-]: RenderCompositorSWGL failed mapping default framebuffer, no dt
console.error: ({})
DevTools listening on ws://127.0.0.1:50907/devtools/browser/78fba12a-4e24-43c1-8934-0d439118b191
1692753854685	geckodriver	INFO	Listening on 127.0.0.1:51050
1692753857699	mozrunner::runner	INFO	Running command: "C:\\Program Files\\Mozilla Firefox\\firefox.exe" "--marionette" "--headless" "--proxy-server=localhost:8089 ... 51" "--remote-allow-hosts" "localhost" "-no-remote" "-profile" "C:\\Users\\matt\\AppData\\Local\\Temp\\rust_mozprofilepJF6Fb"
*** You are running in headless mode.
console.warn: services.settings: Ignoring preference override of remote settings server
console.warn: services.settings: Allow by setting MOZ_REMOTE_SETTINGS_DEVTOOLS=1 in the environment
1692753858354	Marionette	INFO	Marionette enabled
Dynamically enable window occlusion 0
console.error: "Warning: unrecognized command line flag" "-proxy-server"
1692753858496	Marionette	INFO	Listening on port 51061
WebDriver BiDi listening on ws://127.0.0.1:51051
Read port: 51061
1692753858926	RemoteAgent	WARN	TLS certificate errors will be ignored for this session
[GFX1-]: RenderCompositorSWGL failed mapping default framebuffer, no dt
console.error: ({})
DevTools listening on ws://127.0.0.1:51051/devtools/browser/1e13523c-5cee-4baa-a602-cc5282b66501
JavaScript warning: https://static.cdninstagram.com/rsrc.php/v3ieCg4/yH/l/en_US/Oa_68FbxEku.js?_nc_x=Ij3Wp8lg5Kz, line 124: WEBGL_debug_renderer_info is deprecated in Firefox and will be removed. Please use RENDERER.
1692753984898	geckodriver	INFO	Listening on 127.0.0.1:51198
1692753987899	mozrunner::runner	INFO	Running command: "C:\\Program Files\\Mozilla Firefox\\firefox.exe" "--marionette" "--headless" "--proxy-server=localhost:8090 ... 99" "--remote-allow-hosts" "localhost" "-no-remote" "-profile" "C:\\Users\\matt\\AppData\\Local\\Temp\\rust_mozprofileBjWAKS"
*** You are running in headless mode.
console.warn: services.settings: Ignoring preference override of remote settings server
console.warn: services.settings: Allow by setting MOZ_REMOTE_SETTINGS_DEVTOOLS=1 in the environment
1692753988575	Marionette	INFO	Marionette enabled
Dynamically enable window occlusion 0
console.error: "Warning: unrecognized command line flag" "-proxy-server"
1692753988717	Marionette	INFO	Listening on port 51208
WebDriver BiDi listening on ws://127.0.0.1:51199
Read port: 51208
1692753989145	RemoteAgent	WARN	TLS certificate errors will be ignored for this session
[GFX1-]: RenderCompositorSWGL failed mapping default framebuffer, no dt
console.error: ({})
DevTools listening on ws://127.0.0.1:51199/devtools/browser/454a41c6-e712-435d-99cf-ac6a8908ddbc
JavaScript warning: https://static.cdninstagram.com/rsrc.php/v3ieCg4/yH/l/en_US/Oa_68FbxEku.js?_nc_x=Ij3Wp8lg5Kz, line 124: WEBGL_debug_renderer_info is deprecated in Firefox and will be removed. Please use RENDERER.
1692904920337	geckodriver	INFO	Listening on 127.0.0.1:65168
1692904923422	mozrunner::runner	INFO	Running command: "C:\\Program Files\\Mozilla Firefox\\firefox.exe" "--marionette" "--headless" "--proxy-server=localhost:8081 ... 69" "--remote-allow-hosts" "localhost" "-no-remote" "-profile" "C:\\Users\\matt\\AppData\\Local\\Temp\\rust_mozprofileyyEG2z"
*** You are running in headless mode.
console.warn: services.settings: Ignoring preference override of remote settings server
console.warn: services.settings: Allow by setting MOZ_REMOTE_SETTINGS_DEVTOOLS=1 in the environment
1692904924050	Marionette	INFO	Marionette enabled
Dynamically enable window occlusion 0
console.error: "Warning: unrecognized command line flag" "-proxy-server"
1692904924194	Marionette	INFO	Listening on port 65177
WebDriver BiDi listening on ws://127.0.0.1:65169
Read port: 65177
1692904924600	RemoteAgent	WARN	TLS certificate errors will be ignored for this session
[GFX1-]: RenderCompositorSWGL failed mapping default framebuffer, no dt
console.error: ({})
DevTools listening on ws://127.0.0.1:65169/devtools/browser/b2bdd316-c175-4de1-87bd-01ef13a5b67a
JavaScript warning: https://static.cdninstagram.com/rsrc.php/v3i0fJ4/yG/l/en_US/Q6Vs0pl1Bx-.js?_nc_x=Ij3Wp8lg5Kz, line 122: WEBGL_debug_renderer_info is deprecated in Firefox and will be removed. Please use RENDERER.
1692905083091	geckodriver	INFO	Listening on 127.0.0.1:65310
1692905086102	mozrunner::runner	INFO	Running command: "C:\\Program Files\\Mozilla Firefox\\firefox.exe" "--marionette" "--headless" "--proxy-server=localhost:8082 ... 11" "--remote-allow-hosts" "localhost" "-no-remote" "-profile" "C:\\Users\\matt\\AppData\\Local\\Temp\\rust_mozprofile4oNlE6"
*** You are running in headless mode.
console.warn: services.settings: Ignoring preference override of remote settings server
console.warn: services.settings: Allow by setting MOZ_REMOTE_SETTINGS_DEVTOOLS=1 in the environment
1692905086714	Marionette	INFO	Marionette enabled
Dynamically enable window occlusion 0
console.error: "Warning: unrecognized command line flag" "-proxy-server"
1692905086846	Marionette	INFO	Listening on port 65320
WebDriver BiDi listening on ws://127.0.0.1:65311
Read port: 65320
1692905087238	RemoteAgent	WARN	TLS certificate errors will be ignored for this session
[GFX1-]: RenderCompositorSWGL failed mapping default framebuffer, no dt
console.error: ({})
DevTools listening on ws://127.0.0.1:65311/devtools/browser/a44a63f2-503e-4bbe-8641-53a8b5bcdda0
JavaScript warning: https://static.cdninstagram.com/rsrc.php/v3i0fJ4/yG/l/en_US/Q6Vs0pl1Bx-.js?_nc_x=Ij3Wp8lg5Kz, line 122: WEBGL_debug_renderer_info is deprecated in Firefox and will be removed. Please use RENDERER.
1692905135469	geckodriver	INFO	Listening on 127.0.0.1:65443
1692905138499	mozrunner::runner	INFO	Running command: "C:\\Program Files\\Mozilla Firefox\\firefox.exe" "--marionette" "--headless" "--proxy-server=localhost:8083 ... 44" "--remote-allow-hosts" "localhost" "-no-remote" "-profile" "C:\\Users\\matt\\AppData\\Local\\Temp\\rust_mozprofilefkkXVr"
*** You are running in headless mode.
console.warn: services.settings: Ignoring preference override of remote settings server
console.warn: services.settings: Allow by setting MOZ_REMOTE_SETTINGS_DEVTOOLS=1 in the environment
1692905139145	Marionette	INFO	Marionette enabled
Dynamically enable window occlusion 0
console.error: "Warning: unrecognized command line flag" "-proxy-server"
1692905139284	Marionette	INFO	Listening on port 65454
WebDriver BiDi listening on ws://127.0.0.1:65444
Read port: 65454
1692905139692	RemoteAgent	WARN	TLS certificate errors will be ignored for this session
[GFX1-]: RenderCompositorSWGL failed mapping default framebuffer, no dt
console.error: ({})
DevTools listening on ws://127.0.0.1:65444/devtools/browser/01b86212-69c7-465b-a985-b60501c64a7f
1692905143366	Marionette	INFO	Stopped listening on port 65454
JavaScript warning: https://static.cdninstagram.com/rsrc.php/v3i0fJ4/yG/l/en_US/Q6Vs0pl1Bx-.js?_nc_x=Ij3Wp8lg5Kz, line 122: WEBGL_debug_renderer_info is deprecated in Firefox and will be removed. Please use RENDERER.
Dynamically enable window occlusion 1
JavaScript error: resource://services-settings/Utils.sys.mjs, line 229: TypeError: NetworkError: Network request failed
1692905342126	geckodriver	INFO	Listening on 127.0.0.1:49189
1692905345157	mozrunner::runner	INFO	Running command: "C:\\Program Files\\Mozilla Firefox\\firefox.exe" "--marionette" "--headless" "--proxy-server=localhost:8081 ... 90" "--remote-allow-hosts" "localhost" "-no-remote" "-profile" "C:\\Users\\matt\\AppData\\Local\\Temp\\rust_mozprofileEOgg1O"
*** You are running in headless mode.
console.warn: services.settings: Ignoring preference override of remote settings server
console.warn: services.settings: Allow by setting MOZ_REMOTE_SETTINGS_DEVTOOLS=1 in the environment
1692905345767	Marionette	INFO	Marionette enabled
Dynamically enable window occlusion 0
console.error: "Warning: unrecognized command line flag" "-proxy-server"
1692905345897	Marionette	INFO	Listening on port 49197
Read port: 49197
WebDriver BiDi listening on ws://127.0.0.1:49190
1692905346012	RemoteAgent	WARN	TLS certificate errors will be ignored for this session
[GFX1-]: RenderCompositorSWGL failed mapping default framebuffer, no dt
console.error: ({})
DevTools listening on ws://127.0.0.1:49190/devtools/browser/008500ef-d4c6-4eb2-8c5f-48afc3cd7410
JavaScript warning: https://static.cdninstagram.com/rsrc.php/v3i0fJ4/yG/l/en_US/Q6Vs0pl1Bx-.js?_nc_x=Ij3Wp8lg5Kz, line 122: WEBGL_debug_renderer_info is deprecated in Firefox and will be removed. Please use RENDERER.
